<?xml version="1.0" encoding="UTF-8"?>
<testsuite name="org.superbiz.moviefun.albums.AlbumTest" tests="1" skipped="0" failures="0" errors="0" timestamp="2017-12-19T12:00:54" hostname="PC270883.local" time="0.028">
  <properties/>
  <testcase name="testIsEquivalent" classname="org.superbiz.moviefun.albums.AlbumTest" time="0.028"/>
  <system-out><![CDATA[]]></system-out>
  <system-err><![CDATA[]]></system-err>
</testsuite>
